[16:57:39] [ServerMain/INFO]: Building unoptimized datafixer
[16:57:40] [ServerMain/INFO]: Environment: authHost='https://authserver.mojang.com', accountsHost='https://api.mojang.com', sessionHost='https://sessionserver.mojang.com', servicesHost='https://api.minecraftservices.com', name='PROD'
[16:57:41] [ServerMain/WARN]: Failed to parse level-type default, defaulting to minecraft:normal
[16:57:41] [ServerMain/INFO]: Loaded 7 recipes
[16:57:42] [ServerMain/INFO]: Loaded 1179 advancements
[16:57:43] [Server thread/INFO]: Starting minecraft server version 1.19
[16:57:43] [Server thread/INFO]: Loading properties
[16:57:43] [Server thread/INFO]: Default game type: SURVIVAL
[16:57:43] [Server thread/INFO]: Generating keypair
[16:57:43] [Server console handler/ERROR]: Exception handling console input
java.io.IOException: The handle is invalid
	at java.io.FileInputStream.readBytes(Native Method) ~[?:?]
	at java.io.FileInputStream.read(FileInputStream.java:276) ~[?:?]
	at java.io.BufferedInputStream.read1(BufferedInputStream.java:282) ~[?:?]
	at java.io.BufferedInputStream.read(BufferedInputStream.java:343) ~[?:?]
	at sun.nio.cs.StreamDecoder.readBytes(StreamDecoder.java:270) ~[?:?]
	at sun.nio.cs.StreamDecoder.implRead(StreamDecoder.java:313) ~[?:?]
	at sun.nio.cs.StreamDecoder.read(StreamDecoder.java:188) ~[?:?]
	at java.io.InputStreamReader.read(InputStreamReader.java:177) ~[?:?]
	at java.io.BufferedReader.fill(BufferedReader.java:162) ~[?:?]
	at java.io.BufferedReader.readLine(BufferedReader.java:329) ~[?:?]
	at java.io.BufferedReader.readLine(BufferedReader.java:396) ~[?:?]
	at aep$1.run(SourceFile:92) [server-1.19.jar:?]
[16:57:43] [Server thread/INFO]: Starting Minecraft server on *:25565
[16:57:43] [Server thread/INFO]: Using default channel type
[16:57:44] [Server thread/INFO]: Preparing level "world"
[16:57:55] [Server thread/INFO]: Preparing start region for dimension minecraft:overworld
[16:57:56] [Worker-Main-6/INFO]: Preparing spawn area: 0%
[16:57:56] [Worker-Main-11/INFO]: Preparing spawn area: 0%
[16:57:56] [Worker-Main-11/INFO]: Preparing spawn area: 0%
[16:57:57] [Worker-Main-11/INFO]: Preparing spawn area: 0%
[16:57:57] [Worker-Main-5/INFO]: Preparing spawn area: 0%
[16:57:58] [Worker-Main-8/INFO]: Preparing spawn area: 1%
[16:57:58] [Worker-Main-13/INFO]: Preparing spawn area: 3%
[16:57:59] [Worker-Main-11/INFO]: Preparing spawn area: 5%
[16:57:59] [Worker-Main-3/INFO]: Preparing spawn area: 6%
[16:58:00] [Worker-Main-2/INFO]: Preparing spawn area: 9%
[16:58:00] [Worker-Main-10/INFO]: Preparing spawn area: 10%
[16:58:01] [Worker-Main-7/INFO]: Preparing spawn area: 14%
[16:58:01] [Worker-Main-4/INFO]: Preparing spawn area: 16%
[16:58:02] [Worker-Main-15/INFO]: Preparing spawn area: 18%
[16:58:02] [Worker-Main-12/INFO]: Preparing spawn area: 22%
[16:58:03] [Worker-Main-11/INFO]: Preparing spawn area: 24%
[16:58:03] [Worker-Main-10/INFO]: Preparing spawn area: 27%
[16:58:04] [Worker-Main-15/INFO]: Preparing spawn area: 32%
[16:58:04] [Worker-Main-13/INFO]: Preparing spawn area: 34%
[16:58:05] [Worker-Main-7/INFO]: Preparing spawn area: 37%
[16:58:05] [Worker-Main-14/INFO]: Preparing spawn area: 40%
[16:58:06] [Worker-Main-9/INFO]: Preparing spawn area: 43%
[16:58:06] [Worker-Main-2/INFO]: Preparing spawn area: 46%
[16:58:07] [Worker-Main-3/INFO]: Preparing spawn area: 48%
[16:58:07] [Worker-Main-1/INFO]: Preparing spawn area: 54%
[16:58:08] [Worker-Main-7/INFO]: Preparing spawn area: 55%
[16:58:08] [Worker-Main-12/INFO]: Preparing spawn area: 59%
[16:58:09] [Worker-Main-9/INFO]: Preparing spawn area: 62%
[16:58:09] [Worker-Main-13/INFO]: Preparing spawn area: 65%
[16:58:10] [Worker-Main-13/INFO]: Preparing spawn area: 69%
[16:58:10] [Worker-Main-1/INFO]: Preparing spawn area: 73%
[16:58:11] [Worker-Main-14/INFO]: Preparing spawn area: 76%
[16:58:11] [Worker-Main-1/INFO]: Preparing spawn area: 81%
[16:58:12] [Worker-Main-14/INFO]: Preparing spawn area: 83%
[16:58:12] [Worker-Main-7/INFO]: Preparing spawn area: 86%
[16:58:13] [Worker-Main-6/INFO]: Preparing spawn area: 89%
[16:58:13] [Worker-Main-13/INFO]: Preparing spawn area: 93%
[16:58:14] [Worker-Main-4/INFO]: Preparing spawn area: 96%
[16:58:14] [Server thread/INFO]: Time elapsed: 18764 ms
[16:58:14] [Server thread/INFO]: Done (30.435s)! For help, type "help"
[16:58:22] [Server thread/INFO]: Stopping server
[16:58:22] [Server thread/INFO]: Saving players
[16:58:22] [Server thread/INFO]: Saving worlds
[16:58:23] [Server thread/INFO]: Saving chunks for level 'ServerLevel[world]'/minecraft:overworld
[16:58:23] [Server thread/INFO]: Saving chunks for level 'ServerLevel[world]'/minecraft:the_nether
[16:58:23] [Server thread/INFO]: Saving chunks for level 'ServerLevel[world]'/minecraft:the_end
[16:58:23] [Server thread/INFO]: ThreadedAnvilChunkStorage (world): All chunks are saved
[16:58:23] [Server thread/INFO]: ThreadedAnvilChunkStorage (DIM-1): All chunks are saved
[16:58:23] [Server thread/INFO]: ThreadedAnvilChunkStorage (DIM1): All chunks are saved
[16:58:23] [Server thread/INFO]: ThreadedAnvilChunkStorage: All dimensions are saved
